Mem size=4000

IBM 360 simulator V4.0-0 Current        git commit id: 2bbaf3c2
simh startup file echo.ini
CPU     idle disabled
        16KB, IBM360, PROT
        UNIV, TIMER, EXT
Set dev INQ 1f
INQ     attached to (null), DEV=01f
Set dev CDR c
/home/harold/simh/simh_tests/echo/echo.ini-37> attach cdr0 -e -f ebcdic echo.deck
CDR0: 19 card Deck Loaded from echo.deck
CDR0    attached to -E -F EBCDIC echo.deck, read only, EBCDIC format, DEV=00c
[?1034hsim> boot cdr0
ENTER: I my data
R my data
R ENTER: I more data
R more data
R ENTER: I quit

Uninterruptable wait PSW=0002000c 80000000
sim> exit
Goodbye
